SF:lib\controllers\user_controller.dart
DA:11,0
DA:12,0
DA:13,0
DA:16,1
DA:18,1
DA:19,1
DA:22,1
DA:24,2
DA:25,2
DA:28,2
DA:29,1
DA:30,1
DA:31,1
DA:32,1
DA:33,1
DA:36,0
DA:37,0
DA:38,0
DA:40,0
DA:41,0
DA:42,0
DA:46,0
DA:47,0
DA:50,0
DA:53,0
DA:54,0
DA:56,0
DA:61,0
DA:62,0
DA:63,0
DA:66,1
DA:67,2
DA:70,1
DA:71,3
DA:73,3
DA:74,1
DA:75,0
DA:77,1
DA:78,0
DA:81,1
DA:82,1
DA:83,1
DA:84,1
DA:87,0
DA:88,0
DA:90,0
DA:91,0
DA:92,0
DA:93,0
DA:94,0
DA:97,3
DA:99,6
DA:101,3
DA:102,3
DA:103,3
DA:104,3
DA:106,3
LF:57
LH:30
end_of_record
SF:lib\utility\globals.dart
DA:6,0
LF:1
LH:0
end_of_record
SF:lib\models\user_model.dart
DA:10,3
DA:12,3
DA:13,3
DA:14,3
DA:15,3
DA:18,0
DA:19,0
DA:20,0
DA:21,0
DA:22,0
DA:25,0
DA:26,0
DA:27,0
DA:28,0
DA:29,0
LF:15
LH:5
end_of_record
SF:lib\utility\file_sys_help.dart
DA:5,1
DA:6,2
DA:8,1
DA:11,1
DA:12,2
DA:13,1
DA:16,1
DA:17,2
DA:18,1
LF:9
LH:9
end_of_record
SF:lib\utility\local_storage.dart
DA:7,3
DA:8,6
LF:2
LH:2
end_of_record
SF:lib\models\message_model.dart
DA:11,0
DA:12,0
DA:13,0
DA:14,0
DA:15,0
DA:18,0
DA:19,0
DA:20,0
DA:22,0
DA:23,0
DA:24,0
DA:25,0
DA:28,0
DA:29,0
DA:30,0
DA:31,0
DA:32,0
LF:17
LH:0
end_of_record
SF:lib\utility\crypto.dart
DA:3,1
DA:4,1
DA:5,1
DA:10,1
DA:11,1
DA:12,1
LF:6
LH:6
end_of_record
